\BOOKMARK [1][-]{section.1}{\376\377\000I\000n\000t\000r\000o\000d\000u\000c\000t\000i\000o\000n}{}% 1
\BOOKMARK [2][-]{subsection.1.1}{\376\377\000R\000e\000s\000t\000a\000t\000e\000m\000e\000n\000t\000\040\000o\000f\000\040\000t\000h\000e\000\040\000P\000r\000o\000b\000l\000e\000m}{section.1}% 2
\BOOKMARK [2][-]{subsection.1.2}{\376\377\000R\000e\000l\000a\000t\000e\000d\000\040\000W\000o\000r\000k}{section.1}% 3
\BOOKMARK [1][-]{section.2}{\376\377\000A\000s\000s\000u\000m\000p\000t\000i\000o\000n\000s\000\040\000a\000n\000d\000\040\000N\000o\000t\000a\000t\000i\000o\000n\000s}{}% 4
\BOOKMARK [2][-]{subsection.2.1}{\376\377\000A\000s\000s\000u\000m\000p\000t\000i\000o\000s}{section.2}% 5
\BOOKMARK [2][-]{subsection.2.2}{\376\377\000N\000o\000t\000a\000t\000i\000o\000n\000s}{section.2}% 6
\BOOKMARK [1][-]{section.3}{\376\377\000D\000a\000t\000a\000\040\000P\000r\000e\000p\000r\000o\000c\000e\000s\000s\000i\000n\000g}{}% 7
\BOOKMARK [2][-]{subsection.3.1}{\376\377\000D\000e\000f\000a\000u\000l\000t\000\040\000V\000a\000l\000u\000e\000\040\000P\000r\000o\000c\000e\000s\000s\000i\000n\000g}{section.3}% 8
\BOOKMARK [2][-]{subsection.3.2}{\376\377\000D\000a\000t\000a\000\040\000N\000o\000r\000m\000a\000l\000i\000z\000a\000t\000i\000o\000n\000\040\000a\000n\000d\000\040\000C\000l\000a\000s\000s\000i\000f\000i\000c\000a\000t\000i\000o\000n}{section.3}% 9
\BOOKMARK [1][-]{section.4}{\376\377\000M\000o\000d\000e\000l\000\040\000C\000o\000n\000s\000t\000r\000u\000c\000t\000i\000o\000n}{}% 10
\BOOKMARK [2][-]{subsection.4.1}{\376\377\153\322\124\301\117\040\144\255\152\041\127\213}{section.4}% 11
\BOOKMARK [2][-]{subsection.4.2}{\376\377\154\102\211\343\117\040\144\255\226\010\120\074}{section.4}% 12
\BOOKMARK [2][-]{subsection.4.3}{\376\377\117\356\145\071\117\040\144\255\152\041\127\213}{section.4}% 13
\BOOKMARK [3][-]{subsubsection.4.3.1}{\376\377\147\141\116\366\161\265\170\156\133\232\166\370\121\163\140\047}{subsection.4.3}% 14
\BOOKMARK [3][-]{subsubsection.4.3.2}{\376\377\000M\000o\000d\000i\000f\000y\000\040\000M\000o\000d\000e\000l\000\040\000w\000i\000t\000h\000\040\000H\000i\000d\000d\000e\000n\000\040\000s\000t\000a\000t\000e\000s}{subsection.4.3}% 15
\BOOKMARK [2][-]{subsection.4.4}{\376\377\143\317\217\360\117\040\144\255\162\171\137\201}{section.4}% 16
\BOOKMARK [2][-]{subsection.4.5}{\376\377\213\241\173\227\166\370\121\163\140\047}{section.4}% 17
\BOOKMARK [2][-]{subsection.4.6}{\376\377\143\320\121\372\136\372\213\256}{section.4}% 18
\BOOKMARK [1][-]{section.5}{\376\377\000S\000e\000n\000s\000i\000t\000i\000v\000i\000t\000y\000\040\000A\000n\000a\000l\000y\000s\000i\000s}{}% 19
\BOOKMARK [1][-]{section.6}{\376\377\000S\000t\000r\000e\000n\000g\000t\000h\000s\000\040\000a\000n\000d\000\040\000W\000e\000a\000k\000n\000e\000s\000s\000e\000s}{}% 20
\BOOKMARK [2][-]{subsection.6.1}{\376\377\000S\000t\000r\000e\000n\000g\000t\000h\000s}{section.6}% 21
\BOOKMARK [2][-]{subsection.6.2}{\376\377\000W\000e\000a\000k\000n\000e\000s\000s\000e\000s}{section.6}% 22
\BOOKMARK [1][-]{section.7}{\376\377\000C\000o\000n\000c\000l\000u\000s\000i\000o\000n}{}% 23
\BOOKMARK [1][-]{section.7}{\376\377\000R\000e\000f\000e\000r\000e\000n\000c\000e\000s}{}% 24
\BOOKMARK [1][-]{section.7}{\376\377\000A\000p\000p\000e\000n\000d\000i\000c\000e\000s\000\040\000f\000o\000r\000\040\000C\000o\000d\000e\000\040\000a\000n\000d\000\040\000D\000a\000t\000a}{}% 25
